[ 2017-10-18T09:54:20+08:00 ] 127.0.0.1 /index.php
INFO: [ app_init ] --START--
INFO: Run Behavior\BuildLiteBehavior [ RunTime:0.000000s ]
INFO: [ app_init ] --END-- [ RunTime:0.001000s ]
INFO: [ app_begin ] --START--
INFO: Run Behavior\ReadHtmlCacheBehavior [ RunTime:0.001000s ]
INFO: [ app_begin ] --END-- [ RunTime:0.001000s ]
INFO: [ view_parse ] --START--
INFO: [ template_filter ] --START--
INFO: Run Behavior\ContentReplaceBehavior [ RunTime:0.000000s ]
INFO: [ template_filter ] --END-- [ RunTime:0.000000s ]
INFO: Run Behavior\ParseTemplateBehavior [ RunTime:0.008000s ]
INFO: [ view_parse ] --END-- [ RunTime:0.008000s ]
INFO: [ view_filter ] --START--
INFO: Run Behavior\WriteHtmlCacheBehavior [ RunTime:0.000000s ]
INFO: [ view_filter ] --END-- [ RunTime:0.000000s ]
INFO: [ app_end ] --START--
INFO: Run Behavior\ShowPageTraceBehavior [ RunTime:0.000000s ]
INFO: [ app_end ] --END-- [ RunTime:0.000000s ]

[ 2017-10-18T09:59:03+08:00 ] 127.0.0.1 /index.php/admin
INFO: [ app_init ] --START--
INFO: Run Behavior\BuildLiteBehavior [ RunTime:0.000000s ]
INFO: [ app_init ] --END-- [ RunTime:0.000000s ]
INFO: [ app_begin ] --START--
INFO: Run Behavior\ReadHtmlCacheBehavior [ RunTime:0.001000s ]
INFO: [ app_begin ] --END-- [ RunTime:0.001000s ]
INFO: [ view_parse ] --START--
INFO: Run Behavior\ParseTemplateBehavior [ RunTime:0.000000s ]
INFO: [ view_parse ] --END-- [ RunTime:0.000000s ]
INFO: [ view_filter ] --START--
INFO: Run Behavior\WriteHtmlCacheBehavior [ RunTime:0.000000s ]
INFO: [ view_filter ] --END-- [ RunTime:0.001000s ]
INFO: [ app_end ] --START--
INFO: Run Behavior\ShowPageTraceBehavior [ RunTime:0.000000s ]
INFO: [ app_end ] --END-- [ RunTime:0.000000s ]

[ 2017-10-18T09:59:16+08:00 ] 127.0.0.1 /index.php/admin
INFO: [ app_init ] --START--
INFO: Run Behavior\BuildLiteBehavior [ RunTime:0.000000s ]
INFO: [ app_init ] --END-- [ RunTime:0.000000s ]
INFO: [ app_begin ] --START--
INFO: Run Behavior\ReadHtmlCacheBehavior [ RunTime:0.001000s ]
INFO: [ app_begin ] --END-- [ RunTime:0.001000s ]
INFO: [ app_end ] --START--
INFO: Run Behavior\ShowPageTraceBehavior [ RunTime:0.001000s ]
INFO: [ app_end ] --END-- [ RunTime:0.001000s ]

[ 2017-10-18T09:59:27+08:00 ] 127.0.0.1 /index.php/admin
INFO: [ app_init ] --START--
INFO: Run Behavior\BuildLiteBehavior [ RunTime:0.000000s ]
INFO: [ app_init ] --END-- [ RunTime:0.000000s ]
INFO: [ app_begin ] --START--
INFO: Run Behavior\ReadHtmlCacheBehavior [ RunTime:0.000000s ]
INFO: [ app_begin ] --END-- [ RunTime:0.000000s ]
INFO: [ app_end ] --START--
INFO: Run Behavior\ShowPageTraceBehavior [ RunTime:0.000000s ]
INFO: [ app_end ] --END-- [ RunTime:0.000000s ]

[ 2017-10-18T09:59:48+08:00 ] 127.0.0.1 /index.php/admin
INFO: [ app_init ] --START--
INFO: Run Behavior\BuildLiteBehavior [ RunTime:0.000000s ]
INFO: [ app_init ] --END-- [ RunTime:0.000000s ]
INFO: [ app_begin ] --START--
INFO: Run Behavior\ReadHtmlCacheBehavior [ RunTime:0.000000s ]
INFO: [ app_begin ] --END-- [ RunTime:0.000000s ]
INFO: [ view_parse ] --START--
INFO: [ template_filter ] --START--
INFO: Run Behavior\ContentReplaceBehavior [ RunTime:0.001000s ]
INFO: [ template_filter ] --END-- [ RunTime:0.001000s ]
INFO: Run Behavior\ParseTemplateBehavior [ RunTime:0.024001s ]
INFO: [ view_parse ] --END-- [ RunTime:0.024001s ]
INFO: [ view_filter ] --START--
INFO: Run Behavior\WriteHtmlCacheBehavior [ RunTime:0.000000s ]
INFO: [ view_filter ] --END-- [ RunTime:0.001000s ]
INFO: [ app_end ] --START--
INFO: Run Behavior\ShowPageTraceBehavior [ RunTime:0.000000s ]
INFO: [ app_end ] --END-- [ RunTime:0.000000s ]

[ 2017-10-18T14:25:03+08:00 ] 127.0.0.1 /index.php/Admin/login/login.html
ERR: 非法操作:login

[ 2017-10-18T14:50:12+08:00 ] 127.0.0.1 /index.php/Admin/login/index.html
ERR: 非法操作:index

[ 2017-10-18T14:50:57+08:00 ] 127.0.0.1 /index.php/Admin/login/index.html
ERR: 非法操作:index

[ 2017-10-18T15:50:12+08:00 ] 127.0.0.1 /index.php/Admin/Login/login.html
ERR: 1146:Table 'blog.bg_login' doesn't exist
 [ SQL语句 ] : SHOW COLUMNS FROM `bg_login`

[ 2017-10-18T19:08:35+08:00 ] 127.0.0.1 /index.php/Admin/login/index.html
ERR: 非法操作:index

[ 2017-10-18T19:51:43+08:00 ] 127.0.0.1 /index.php/Admin/index/article-list.html
ERR: 非法操作:article-list

[ 2017-10-18T20:00:55+08:00 ] 127.0.0.1 /index.php/Admin/Article/list.html
ERR: 非法操作:list

[ 2017-10-18T22:01:12+08:00 ] 127.0.0.1 /index.php/Admin/index/product-category.html
ERR: 非法操作:product-category

[ 2017-10-18T22:04:09+08:00 ] 127.0.0.1 /index.php/Admin/index/product-category.html
ERR: 非法操作:product-category

[ 2017-10-18T22:04:10+08:00 ] 127.0.0.1 /index.php/Admin/index/product-category.html
ERR: 非法操作:product-category

[ 2017-10-18T22:04:12+08:00 ] 127.0.0.1 /index.php/Admin/Category/lib/zTree/v3/css/zTreeStyle/zTreeStyle.css
ERR: 非法操作:lib

[ 2017-10-18T22:04:13+08:00 ] 127.0.0.1 /index.php/Admin/Category/product-category-add.html
ERR: 非法操作:product-category-add

[ 2017-10-18T22:06:01+08:00 ] 127.0.0.1 /index.php/Admin/Category/lib/zTree/v3/css/zTreeStyle/zTreeStyle.css
ERR: 非法操作:lib

