[ 2017-10-21T08:36:56+08:00 ] 127.0.0.1 /index.php/Admin/member/changepwd.html
INFO: [ app_begin ] --START--
INFO: Run Behavior\ReadHtmlCacheBehavior [ RunTime:0.000000s ]
INFO: [ app_begin ] --END-- [ RunTime:0.000000s ]
NOTIC: [2] session_start(): Cannot send session cache limiter - headers already sent F:\wamp\blog\ThinkPHP\Common\functions.php 第 1263 行.
SQL: SHOW COLUMNS FROM `bg_user` [ RunTime:0.0060s ]
NOTIC: [2] Invalid argument supplied for foreach() F:\wamp\blog\ThinkPHP\Library\Think\Model.class.php 第 267 行.
NOTIC: [2] Cannot modify header information - headers already sent F:\wamp\blog\ThinkPHP\Library\Think\Controller.class.php 第 215 行.

[ 2017-10-21T08:37:10+08:00 ] 127.0.0.1 /index.php/Admin/member/changepwd.html
INFO: [ app_begin ] --START--
INFO: Run Behavior\ReadHtmlCacheBehavior [ RunTime:0.001000s ]
INFO: [ app_begin ] --END-- [ RunTime:0.001000s ]
NOTIC: [2] session_start(): Cannot send session cache limiter - headers already sent F:\wamp\blog\ThinkPHP\Common\functions.php 第 1263 行.
SQL: SHOW COLUMNS FROM `bg_user` [ RunTime:0.0050s ]
NOTIC: [2] Invalid argument supplied for foreach() F:\wamp\blog\ThinkPHP\Library\Think\Model.class.php 第 267 行.
NOTIC: [2] Cannot modify header information - headers already sent F:\wamp\blog\ThinkPHP\Library\Think\Controller.class.php 第 215 行.

[ 2017-10-21T08:38:21+08:00 ] 127.0.0.1 /index.php/Admin/member/changepwd.html
INFO: [ app_begin ] --START--
INFO: Run Behavior\ReadHtmlCacheBehavior [ RunTime:0.000000s ]
INFO: [ app_begin ] --END-- [ RunTime:0.001000s ]
NOTIC: [2] session_start(): Cannot send session cache limiter - headers already sent F:\wamp\blog\ThinkPHP\Common\functions.php 第 1263 行.
SQL: SHOW COLUMNS FROM `bg_user` [ RunTime:0.0090s ]
NOTIC: [2] Invalid argument supplied for foreach() F:\wamp\blog\ThinkPHP\Library\Think\Model.class.php 第 267 行.
NOTIC: [2] Cannot modify header information - headers already sent F:\wamp\blog\ThinkPHP\Library\Think\Controller.class.php 第 215 行.

[ 2017-10-21T08:39:20+08:00 ] 127.0.0.1 /index.php/Admin/member/changepwd.html
INFO: [ app_begin ] --START--
INFO: Run Behavior\ReadHtmlCacheBehavior [ RunTime:0.001000s ]
INFO: [ app_begin ] --END-- [ RunTime:0.001000s ]
SQL: SHOW COLUMNS FROM `bg_user` [ RunTime:0.0060s ]
NOTIC: [2] Invalid argument supplied for foreach() F:\wamp\blog\ThinkPHP\Library\Think\Model.class.php 第 267 行.

[ 2017-10-21T08:39:36+08:00 ] 127.0.0.1 /index.php/Admin/member/changepwd.html
INFO: [ app_begin ] --START--
INFO: Run Behavior\ReadHtmlCacheBehavior [ RunTime:0.000000s ]
INFO: [ app_begin ] --END-- [ RunTime:0.000000s ]
SQL: SHOW COLUMNS FROM `bg_user` [ RunTime:0.0090s ]
NOTIC: [2] Invalid argument supplied for foreach() F:\wamp\blog\ThinkPHP\Library\Think\Model.class.php 第 267 行.

[ 2017-10-21T08:41:53+08:00 ] 127.0.0.1 /index.php/Admin/member/changepwd.html
INFO: [ app_begin ] --START--
INFO: Run Behavior\ReadHtmlCacheBehavior [ RunTime:0.001001s ]
INFO: [ app_begin ] --END-- [ RunTime:0.001001s ]
SQL: SHOW COLUMNS FROM `bg_user` [ RunTime:0.0050s ]
SQL: UPDATE `bg_user` SET `password`='e10adc3949ba59abbe56e057f20f883e' WHERE `id` = 0 [ RunTime:0.0000s ]

[ 2017-10-21T08:42:51+08:00 ] 127.0.0.1 /index.php/Admin/member/changepwd.html
INFO: [ app_begin ] --START--
INFO: Run Behavior\ReadHtmlCacheBehavior [ RunTime:0.000000s ]
INFO: [ app_begin ] --END-- [ RunTime:0.001000s ]

[ 2017-10-21T08:45:18+08:00 ] 127.0.0.1 /index.php/Admin/member/changepwd.html
INFO: [ app_begin ] --START--
INFO: Run Behavior\ReadHtmlCacheBehavior [ RunTime:0.001000s ]
INFO: [ app_begin ] --END-- [ RunTime:0.001000s ]

[ 2017-10-21T08:46:06+08:00 ] 127.0.0.1 /index.php/Admin/member/changepwd.html
INFO: [ app_begin ] --START--
INFO: Run Behavior\ReadHtmlCacheBehavior [ RunTime:0.000000s ]
INFO: [ app_begin ] --END-- [ RunTime:0.000000s ]

[ 2017-10-21T08:46:35+08:00 ] 127.0.0.1 /index.php/Admin/member/changepwd.html
INFO: [ app_begin ] --START--
INFO: Run Behavior\ReadHtmlCacheBehavior [ RunTime:0.000000s ]
INFO: [ app_begin ] --END-- [ RunTime:0.001000s ]

[ 2017-10-21T08:47:08+08:00 ] 127.0.0.1 /index.php/Admin/member/changepwd.html
INFO: [ app_begin ] --START--
INFO: Run Behavior\ReadHtmlCacheBehavior [ RunTime:0.001000s ]
INFO: [ app_begin ] --END-- [ RunTime:0.001000s ]
SQL: SHOW COLUMNS FROM `bg_user` [ RunTime:0.0070s ]
SQL: UPDATE `bg_user` SET `password`='11a423408292aa0dd16dc4332467362b' WHERE `id` = 9 [ RunTime:0.0000s ]

[ 2017-10-21T08:48:45+08:00 ] 127.0.0.1 /index.php/Admin/member/changepwd.html
INFO: [ app_begin ] --START--
INFO: Run Behavior\ReadHtmlCacheBehavior [ RunTime:0.001001s ]
INFO: [ app_begin ] --END-- [ RunTime:0.001001s ]
SQL: SHOW COLUMNS FROM `bg_user` [ RunTime:0.0060s ]

[ 2017-10-21T08:49:12+08:00 ] 127.0.0.1 /index.php/Admin/member/changepwd.html
INFO: [ app_begin ] --START--
INFO: Run Behavior\ReadHtmlCacheBehavior [ RunTime:0.000000s ]
INFO: [ app_begin ] --END-- [ RunTime:0.001000s ]

[ 2017-10-21T08:49:56+08:00 ] 127.0.0.1 /index.php/Admin/member/changepwd.html
INFO: [ app_begin ] --START--
INFO: Run Behavior\ReadHtmlCacheBehavior [ RunTime:0.001000s ]
INFO: [ app_begin ] --END-- [ RunTime:0.001000s ]
SQL: SHOW COLUMNS FROM `bg_user` [ RunTime:0.0060s ]
SQL: UPDATE `bg_user` SET `password`='e10adc3949ba59abbe56e057f20f883e' WHERE `id` = 8 [ RunTime:0.0000s ]

[ 2017-10-21T08:51:18+08:00 ] 127.0.0.1 /index.php/Admin/admin/del.html
INFO: [ app_begin ] --START--
INFO: Run Behavior\ReadHtmlCacheBehavior [ RunTime:0.000000s ]
INFO: [ app_begin ] --END-- [ RunTime:0.000000s ]
SQL: SHOW COLUMNS FROM `bg_user` [ RunTime:0.0060s ]
SQL: DELETE FROM `bg_user` WHERE `id` = 8 [ RunTime:0.0010s ]

[ 2017-10-21T08:51:49+08:00 ] 127.0.0.1 /index.php/Admin/admin/add.html
INFO: [ app_begin ] --START--
INFO: Run Behavior\ReadHtmlCacheBehavior [ RunTime:0.000000s ]
INFO: [ app_begin ] --END-- [ RunTime:0.000000s ]
SQL: SHOW COLUMNS FROM `bg_user` [ RunTime:0.0060s ]
SQL: SHOW COLUMNS FROM `bg_user` [ RunTime:0.0060s ]
SQL: INSERT INTO `bg_user` (`username`,`password`,`sex`,`tel`,`email`,`rid`,`comments`,`created_time`,`updated_time`,`last_login_time`,`last_ip`) VALUES ('shenjie','4d70eb8ff65c992a37c02ba59a9d13ec','1','18133630250','123@qq.com','1','','1508547109','1508547109','1508547109','2130706433') [ RunTime:0.0010s ]

[ 2017-10-21T10:37:05+08:00 ] 127.0.0.1 /index.php/Admin/index/admin-permission.html
ERR: 非法操作:admin-permission

[ 2017-10-21T10:40:40+08:00 ] 127.0.0.1 /index.php/Admin/Admin/index.html
ERR: Think\Controller:userCount方法不存在！

[ 2017-10-21T10:40:42+08:00 ] 127.0.0.1 /index.php/Admin/Admin/index.html
ERR: Think\Controller:userCount方法不存在！

[ 2017-10-21T10:40:43+08:00 ] 127.0.0.1 /index.php/Admin/Admin/index.html
ERR: Think\Controller:userCount方法不存在！

[ 2017-10-21T10:40:45+08:00 ] 127.0.0.1 /index.php/Admin/index/admin-permission.html
ERR: 非法操作:admin-permission

[ 2017-10-21T10:40:46+08:00 ] 127.0.0.1 /index.php/Admin/Admin/index.html
ERR: Think\Controller:userCount方法不存在！

[ 2017-10-21T10:40:47+08:00 ] 127.0.0.1 /index.php/Admin/index/admin-permission.html
ERR: 非法操作:admin-permission

[ 2017-10-21T10:40:53+08:00 ] 127.0.0.1 /index.php/Admin/Admin/index.html
ERR: Think\Controller:userCount方法不存在！

[ 2017-10-21T10:42:15+08:00 ] 127.0.0.1 /index.php/Admin/index/admin-permission.html
ERR: 非法操作:admin-permission

[ 2017-10-21T10:44:03+08:00 ] 127.0.0.1 /index.php/Admin/menu/admin-permission-add.html
ERR: 非法操作:admin-permission-add

[ 2017-10-21T20:00:16+08:00 ] 127.0.0.1 /index.php/Admin/menu/add.html
INFO: [ app_begin ] --START--
INFO: Run Behavior\ReadHtmlCacheBehavior [ RunTime:0.000000s ]
INFO: [ app_begin ] --END-- [ RunTime:0.000000s ]
NOTIC: [2] session_start(): Cannot send session cache limiter - headers already sent F:\wamp\blog\ThinkPHP\Common\functions.php 第 1263 行.
NOTIC: [2048] Declaration of Admin\Model\MenuModel::add() should be compatible with Think\Model::add($data = '', $options = Array, $replace = false) F:\wamp\blog\Application\Admin\Model\MenuModel.class.php 第 15 行.
SQL: SHOW COLUMNS FROM `bg_menu` [ RunTime:0.0070s ]
SQL: SHOW COLUMNS FROM `bg_menu` [ RunTime:0.0070s ]
SQL: INSERT INTO `bg_menu` (`updated_time`) VALUES ('1508587216') [ RunTime:0.0190s ]
NOTIC: [2] Cannot modify header information - headers already sent F:\wamp\blog\ThinkPHP\Library\Think\Controller.class.php 第 215 行.

[ 2017-10-21T20:01:05+08:00 ] 127.0.0.1 /index.php/Admin/menu/add.html
INFO: [ app_begin ] --START--
INFO: Run Behavior\ReadHtmlCacheBehavior [ RunTime:0.001000s ]
INFO: [ app_begin ] --END-- [ RunTime:0.001000s ]
NOTIC: [2048] Declaration of Admin\Model\MenuModel::add() should be compatible with Think\Model::add($data = '', $options = Array, $replace = false) F:\wamp\blog\Application\Admin\Model\MenuModel.class.php 第 15 行.
SQL: SHOW COLUMNS FROM `bg_menu` [ RunTime:0.0060s ]
SQL: SHOW COLUMNS FROM `bg_menu` [ RunTime:0.0050s ]
SQL: INSERT INTO `bg_menu` (`updated_time`) VALUES ('1508587265') [ RunTime:0.0000s ]

[ 2017-10-21T20:03:19+08:00 ] 127.0.0.1 /index.php/Admin/menu/add.html
INFO: [ app_begin ] --START--
INFO: Run Behavior\ReadHtmlCacheBehavior [ RunTime:0.000000s ]
INFO: [ app_begin ] --END-- [ RunTime:0.001000s ]
NOTIC: [2048] Declaration of Admin\Model\MenuModel::add() should be compatible with Think\Model::add($data = '', $options = Array, $replace = false) F:\wamp\blog\Application\Admin\Model\MenuModel.class.php 第 15 行.
SQL: SHOW COLUMNS FROM `bg_menu` [ RunTime:0.0070s ]
SQL: SHOW COLUMNS FROM `bg_menu` [ RunTime:0.0060s ]
SQL: INSERT INTO `bg_menu` (`created_time`,`updated_time`) VALUES ('1508587399','1508587399') [ RunTime:0.0010s ]

[ 2017-10-21T20:06:29+08:00 ] 127.0.0.1 /index.php/Admin/menu/add.html
INFO: [ app_begin ] --START--
INFO: Run Behavior\ReadHtmlCacheBehavior [ RunTime:0.001000s ]
INFO: [ app_begin ] --END-- [ RunTime:0.001000s ]
NOTIC: [2048] Declaration of Admin\Model\MenuModel::add() should be compatible with Think\Model::add($data = '', $options = Array, $replace = false) F:\wamp\blog\Application\Admin\Model\MenuModel.class.php 第 15 行.
SQL: SHOW COLUMNS FROM `bg_menu` [ RunTime:0.0070s ]
SQL: SHOW COLUMNS FROM `bg_menu` [ RunTime:0.0060s ]
SQL: INSERT INTO `bg_menu` (`created_time`,`updated_time`) VALUES ('1508587589','1508587589') [ RunTime:0.0010s ]

[ 2017-10-21T20:08:12+08:00 ] 127.0.0.1 /index.php/Admin/menu/add.html
INFO: [ app_begin ] --START--
INFO: Run Behavior\ReadHtmlCacheBehavior [ RunTime:0.000000s ]
INFO: [ app_begin ] --END-- [ RunTime:0.001000s ]

[ 2017-10-21T20:10:56+08:00 ] 127.0.0.1 /index.php/Admin/menu/add.html
INFO: [ app_begin ] --START--
INFO: Run Behavior\ReadHtmlCacheBehavior [ RunTime:0.001000s ]
INFO: [ app_begin ] --END-- [ RunTime:0.001000s ]

[ 2017-10-21T20:11:46+08:00 ] 127.0.0.1 /index.php/Admin/menu/add.html
INFO: [ app_begin ] --START--
INFO: Run Behavior\ReadHtmlCacheBehavior [ RunTime:0.001000s ]
INFO: [ app_begin ] --END-- [ RunTime:0.001000s ]

[ 2017-10-21T20:15:05+08:00 ] 127.0.0.1 /index.php/Admin/menu/add.html
INFO: [ app_begin ] --START--
INFO: Run Behavior\ReadHtmlCacheBehavior [ RunTime:0.001000s ]
INFO: [ app_begin ] --END-- [ RunTime:0.001000s ]

[ 2017-10-21T20:16:33+08:00 ] 127.0.0.1 /index.php/Admin/menu/add.html
INFO: [ app_begin ] --START--
INFO: Run Behavior\ReadHtmlCacheBehavior [ RunTime:0.001000s ]
INFO: [ app_begin ] --END-- [ RunTime:0.001000s ]

[ 2017-10-21T20:18:54+08:00 ] 127.0.0.1 /index.php/Admin/menu/add.html
INFO: [ app_begin ] --START--
INFO: Run Behavior\ReadHtmlCacheBehavior [ RunTime:0.000000s ]
INFO: [ app_begin ] --END-- [ RunTime:0.000000s ]

[ 2017-10-21T20:19:50+08:00 ] 127.0.0.1 /index.php/Admin/menu/add.html
INFO: [ app_begin ] --START--
INFO: Run Behavior\ReadHtmlCacheBehavior [ RunTime:0.000000s ]
INFO: [ app_begin ] --END-- [ RunTime:0.001000s ]
NOTIC: [2048] Declaration of Admin\Model\MenuModel::add() should be compatible with Think\Model::add($data = '', $options = Array, $replace = false) F:\wamp\blog\Application\Admin\Model\MenuModel.class.php 第 15 行.
SQL: SHOW COLUMNS FROM `bg_menu` [ RunTime:0.0090s ]
SQL: SHOW COLUMNS FROM `bg_menu` [ RunTime:0.0070s ]
SQL: INSERT INTO `bg_menu` (`menu_name`,`pid`,`menu_controller`,`menu_action`,`created_time`,`updated_time`) VALUES ('管理员管理','0','admin','index','1508588390','1508588390') [ RunTime:0.0000s ]

[ 2017-10-21T20:20:17+08:00 ] 127.0.0.1 /index.php/Admin/menu/add.html
INFO: [ app_begin ] --START--
INFO: Run Behavior\ReadHtmlCacheBehavior [ RunTime:0.001000s ]
INFO: [ app_begin ] --END-- [ RunTime:0.001000s ]
NOTIC: [2048] Declaration of Admin\Model\MenuModel::add() should be compatible with Think\Model::add($data = '', $options = Array, $replace = false) F:\wamp\blog\Application\Admin\Model\MenuModel.class.php 第 15 行.
SQL: SHOW COLUMNS FROM `bg_menu` [ RunTime:0.0080s ]
SQL: SHOW COLUMNS FROM `bg_menu` [ RunTime:0.0080s ]
SQL: INSERT INTO `bg_menu` (`menu_name`,`pid`,`menu_controller`,`menu_action`,`created_time`,`updated_time`) VALUES ('会员管理','0','member','index','1508588417','1508588417') [ RunTime:0.0000s ]

[ 2017-10-21T20:20:33+08:00 ] 127.0.0.1 /index.php/Admin/menu/add.html
INFO: [ app_begin ] --START--
INFO: Run Behavior\ReadHtmlCacheBehavior [ RunTime:0.000000s ]
INFO: [ app_begin ] --END-- [ RunTime:0.000000s ]
NOTIC: [2048] Declaration of Admin\Model\MenuModel::add() should be compatible with Think\Model::add($data = '', $options = Array, $replace = false) F:\wamp\blog\Application\Admin\Model\MenuModel.class.php 第 15 行.
SQL: SHOW COLUMNS FROM `bg_menu` [ RunTime:0.0100s ]
SQL: SHOW COLUMNS FROM `bg_menu` [ RunTime:0.0090s ]
SQL: INSERT INTO `bg_menu` (`menu_name`,`pid`,`menu_controller`,`menu_action`,`created_time`,`updated_time`) VALUES ('分类管理','0','category','index','1508588433','1508588433') [ RunTime:0.0010s ]

[ 2017-10-21T20:25:23+08:00 ] 127.0.0.1 /index.php/Admin/menu/admin-permission-add.html
ERR: 非法操作:admin-permission-add

[ 2017-10-21T20:27:49+08:00 ] 127.0.0.1 /index.php/Admin/menu/add.html
INFO: [ app_begin ] --START--
INFO: Run Behavior\ReadHtmlCacheBehavior [ RunTime:0.001001s ]
INFO: [ app_begin ] --END-- [ RunTime:0.001001s ]
NOTIC: [2048] Declaration of Admin\Model\MenuModel::add() should be compatible with Think\Model::add($data = '', $options = Array, $replace = false) F:\wamp\blog\Application\Admin\Model\MenuModel.class.php 第 15 行.
SQL: SHOW COLUMNS FROM `bg_menu` [ RunTime:0.0080s ]
SQL: SHOW COLUMNS FROM `bg_menu` [ RunTime:0.0070s ]
SQL: INSERT INTO `bg_menu` (`menu_name`,`pid`,`menu_controller`,`menu_action`,`created_time`,`updated_time`) VALUES ('管理员添加','5','admin','add','1508588869','1508588869') [ RunTime:0.0000s ]

[ 2017-10-21T20:28:13+08:00 ] 127.0.0.1 /index.php/Admin/menu/add.html
INFO: [ app_begin ] --START--
INFO: Run Behavior\ReadHtmlCacheBehavior [ RunTime:0.000000s ]
INFO: [ app_begin ] --END-- [ RunTime:0.001000s ]
NOTIC: [2048] Declaration of Admin\Model\MenuModel::add() should be compatible with Think\Model::add($data = '', $options = Array, $replace = false) F:\wamp\blog\Application\Admin\Model\MenuModel.class.php 第 15 行.
SQL: SHOW COLUMNS FROM `bg_menu` [ RunTime:0.0060s ]
SQL: SHOW COLUMNS FROM `bg_menu` [ RunTime:0.0060s ]
SQL: INSERT INTO `bg_menu` (`menu_name`,`pid`,`menu_controller`,`menu_action`,`created_time`,`updated_time`) VALUES ('管理员删除','5','admin','del','1508588893','1508588893') [ RunTime:0.0010s ]

[ 2017-10-21T20:28:33+08:00 ] 127.0.0.1 /index.php/Admin/menu/add.html
INFO: [ app_begin ] --START--
INFO: Run Behavior\ReadHtmlCacheBehavior [ RunTime:0.000000s ]
INFO: [ app_begin ] --END-- [ RunTime:0.001000s ]
NOTIC: [2048] Declaration of Admin\Model\MenuModel::add() should be compatible with Think\Model::add($data = '', $options = Array, $replace = false) F:\wamp\blog\Application\Admin\Model\MenuModel.class.php 第 15 行.
SQL: SHOW COLUMNS FROM `bg_menu` [ RunTime:0.0070s ]
SQL: SHOW COLUMNS FROM `bg_menu` [ RunTime:0.0060s ]
SQL: INSERT INTO `bg_menu` (`menu_name`,`pid`,`menu_controller`,`menu_action`,`created_time`,`updated_time`) VALUES ('管理员编辑','5','admin','edit','1508588913','1508588913') [ RunTime:0.0000s ]

[ 2017-10-21T20:38:34+08:00 ] 127.0.0.1 /index.php/Admin/menu/add.html
INFO: [ app_begin ] --START--
INFO: Run Behavior\ReadHtmlCacheBehavior [ RunTime:0.000000s ]
INFO: [ app_begin ] --END-- [ RunTime:0.000000s ]
NOTIC: [2048] Declaration of Admin\Model\MenuModel::add() should be compatible with Think\Model::add($data = '', $options = Array, $replace = false) F:\wamp\blog\Application\Admin\Model\MenuModel.class.php 第 15 行.
SQL: SHOW COLUMNS FROM `bg_menu` [ RunTime:0.0060s ]
SQL: SHOW COLUMNS FROM `bg_menu` [ RunTime:0.0060s ]
SQL: INSERT INTO `bg_menu` (`menu_name`,`pid`,`menu_controller`,`menu_action`,`created_time`,`updated_time`) VALUES ('权限管理','5','menu','index','1508589514','1508589514') [ RunTime:0.0000s ]

[ 2017-10-21T20:46:36+08:00 ] 127.0.0.1 /index.php/Admin/menu/add.html
INFO: [ app_begin ] --START--
INFO: Run Behavior\ReadHtmlCacheBehavior [ RunTime:0.000000s ]
INFO: [ app_begin ] --END-- [ RunTime:0.000000s ]
NOTIC: [2048] Declaration of Admin\Model\MenuModel::add() should be compatible with Think\Model::add($data = '', $options = Array, $replace = false) F:\wamp\blog\Application\Admin\Model\MenuModel.class.php 第 15 行.
SQL: SHOW COLUMNS FROM `bg_menu` [ RunTime:0.0060s ]
SQL: SHOW COLUMNS FROM `bg_menu` [ RunTime:0.0060s ]
SQL: INSERT INTO `bg_menu` (`menu_name`,`pid`,`menu_controller`,`menu_action`,`created_time`,`updated_time`) VALUES ('管理员列表','5','admin','index','1508589996','1508589996') [ RunTime:0.0000s ]

[ 2017-10-21T20:46:57+08:00 ] 127.0.0.1 /index.php/Admin/menu/add.html
INFO: [ app_begin ] --START--
INFO: Run Behavior\ReadHtmlCacheBehavior [ RunTime:0.000000s ]
INFO: [ app_begin ] --END-- [ RunTime:0.000000s ]
NOTIC: [2048] Declaration of Admin\Model\MenuModel::add() should be compatible with Think\Model::add($data = '', $options = Array, $replace = false) F:\wamp\blog\Application\Admin\Model\MenuModel.class.php 第 15 行.
SQL: SHOW COLUMNS FROM `bg_menu` [ RunTime:0.0070s ]
SQL: SHOW COLUMNS FROM `bg_menu` [ RunTime:0.0060s ]
SQL: INSERT INTO `bg_menu` (`menu_name`,`pid`,`menu_controller`,`menu_action`,`created_time`,`updated_time`) VALUES ('分类列表','7','category','index','1508590017','1508590017') [ RunTime:0.0010s ]

[ 2017-10-21T20:47:14+08:00 ] 127.0.0.1 /index.php/Admin/menu/add.html
INFO: [ app_begin ] --START--
INFO: Run Behavior\ReadHtmlCacheBehavior [ RunTime:0.000000s ]
INFO: [ app_begin ] --END-- [ RunTime:0.000000s ]
NOTIC: [2048] Declaration of Admin\Model\MenuModel::add() should be compatible with Think\Model::add($data = '', $options = Array, $replace = false) F:\wamp\blog\Application\Admin\Model\MenuModel.class.php 第 15 行.
SQL: SHOW COLUMNS FROM `bg_menu` [ RunTime:0.0060s ]
SQL: SHOW COLUMNS FROM `bg_menu` [ RunTime:0.0060s ]
SQL: INSERT INTO `bg_menu` (`menu_name`,`pid`,`menu_controller`,`menu_action`,`created_time`,`updated_time`) VALUES ('分类添加','7','category','add','1508590034','1508590034') [ RunTime:0.0000s ]

[ 2017-10-21T20:47:32+08:00 ] 127.0.0.1 /index.php/Admin/menu/add.html
INFO: [ app_begin ] --START--
INFO: Run Behavior\ReadHtmlCacheBehavior [ RunTime:0.000000s ]
INFO: [ app_begin ] --END-- [ RunTime:0.001000s ]
NOTIC: [2048] Declaration of Admin\Model\MenuModel::add() should be compatible with Think\Model::add($data = '', $options = Array, $replace = false) F:\wamp\blog\Application\Admin\Model\MenuModel.class.php 第 15 行.
SQL: SHOW COLUMNS FROM `bg_menu` [ RunTime:0.0070s ]
SQL: SHOW COLUMNS FROM `bg_menu` [ RunTime:0.0060s ]
SQL: INSERT INTO `bg_menu` (`menu_name`,`pid`,`menu_controller`,`menu_action`,`created_time`,`updated_time`) VALUES ('分类删除','7','category','del','1508590052','1508590052') [ RunTime:0.0000s ]

[ 2017-10-21T20:47:49+08:00 ] 127.0.0.1 /index.php/Admin/menu/add.html
INFO: [ app_begin ] --START--
INFO: Run Behavior\ReadHtmlCacheBehavior [ RunTime:0.001000s ]
INFO: [ app_begin ] --END-- [ RunTime:0.001000s ]
NOTIC: [2048] Declaration of Admin\Model\MenuModel::add() should be compatible with Think\Model::add($data = '', $options = Array, $replace = false) F:\wamp\blog\Application\Admin\Model\MenuModel.class.php 第 15 行.
SQL: SHOW COLUMNS FROM `bg_menu` [ RunTime:0.0060s ]
SQL: SHOW COLUMNS FROM `bg_menu` [ RunTime:0.0060s ]
SQL: INSERT INTO `bg_menu` (`menu_name`,`pid`,`menu_controller`,`menu_action`,`created_time`,`updated_time`) VALUES ('权限列表','11','menu','index','1508590069','1508590069') [ RunTime:0.0000s ]

[ 2017-10-21T20:48:07+08:00 ] 127.0.0.1 /index.php/Admin/menu/add.html
INFO: [ app_begin ] --START--
INFO: Run Behavior\ReadHtmlCacheBehavior [ RunTime:0.000000s ]
INFO: [ app_begin ] --END-- [ RunTime:0.000000s ]
NOTIC: [2048] Declaration of Admin\Model\MenuModel::add() should be compatible with Think\Model::add($data = '', $options = Array, $replace = false) F:\wamp\blog\Application\Admin\Model\MenuModel.class.php 第 15 行.
SQL: SHOW COLUMNS FROM `bg_menu` [ RunTime:0.0070s ]
SQL: SHOW COLUMNS FROM `bg_menu` [ RunTime:0.0070s ]
SQL: INSERT INTO `bg_menu` (`menu_name`,`pid`,`menu_controller`,`menu_action`,`created_time`,`updated_time`) VALUES ('会员列表','6','member','add','1508590087','1508590087') [ RunTime:0.0010s ]

[ 2017-10-21T20:48:44+08:00 ] 127.0.0.1 /index.php/Admin/menu/add.html
INFO: [ app_begin ] --START--
INFO: Run Behavior\ReadHtmlCacheBehavior [ RunTime:0.001000s ]
INFO: [ app_begin ] --END-- [ RunTime:0.001000s ]
NOTIC: [2048] Declaration of Admin\Model\MenuModel::add() should be compatible with Think\Model::add($data = '', $options = Array, $replace = false) F:\wamp\blog\Application\Admin\Model\MenuModel.class.php 第 15 行.
SQL: SHOW COLUMNS FROM `bg_menu` [ RunTime:0.0060s ]
SQL: SHOW COLUMNS FROM `bg_menu` [ RunTime:0.0070s ]
SQL: INSERT INTO `bg_menu` (`menu_name`,`pid`,`menu_controller`,`menu_action`,`created_time`,`updated_time`) VALUES ('会员添加','6','member','add','1508590124','1508590124') [ RunTime:0.0010s ]

[ 2017-10-21T20:49:56+08:00 ] 127.0.0.1 /index.php/Admin/menu/add.html
INFO: [ app_begin ] --START--
INFO: Run Behavior\ReadHtmlCacheBehavior [ RunTime:0.000000s ]
INFO: [ app_begin ] --END-- [ RunTime:0.001000s ]
NOTIC: [2048] Declaration of Admin\Model\MenuModel::add() should be compatible with Think\Model::add($data = '', $options = Array, $replace = false) F:\wamp\blog\Application\Admin\Model\MenuModel.class.php 第 15 行.
SQL: SHOW COLUMNS FROM `bg_menu` [ RunTime:0.0070s ]
SQL: SHOW COLUMNS FROM `bg_menu` [ RunTime:0.0060s ]
SQL: INSERT INTO `bg_menu` (`menu_name`,`pid`,`menu_controller`,`menu_action`,`created_time`,`updated_time`) VALUES ('会员删除','6','member','del','1508590196','1508590196') [ RunTime:0.0010s ]

[ 2017-10-21T20:50:24+08:00 ] 127.0.0.1 /index.php/Admin/menu/add.html
INFO: [ app_begin ] --START--
INFO: Run Behavior\ReadHtmlCacheBehavior [ RunTime:0.000000s ]
INFO: [ app_begin ] --END-- [ RunTime:0.000000s ]
NOTIC: [2048] Declaration of Admin\Model\MenuModel::add() should be compatible with Think\Model::add($data = '', $options = Array, $replace = false) F:\wamp\blog\Application\Admin\Model\MenuModel.class.php 第 15 行.
SQL: SHOW COLUMNS FROM `bg_menu` [ RunTime:0.0060s ]
SQL: SHOW COLUMNS FROM `bg_menu` [ RunTime:0.0060s ]
SQL: INSERT INTO `bg_menu` (`menu_name`,`pid`,`menu_controller`,`menu_action`,`created_time`,`updated_time`) VALUES ('会员信息编辑','0','member','edit','1508590224','1508590224') [ RunTime:0.0010s ]

[ 2017-10-21T20:55:26+08:00 ] 127.0.0.1 /index.php/Admin/menu/add.html
INFO: [ app_begin ] --START--
INFO: Run Behavior\ReadHtmlCacheBehavior [ RunTime:0.001000s ]
INFO: [ app_begin ] --END-- [ RunTime:0.001000s ]
NOTIC: [2048] Declaration of Admin\Model\MenuModel::add() should be compatible with Think\Model::add($data = '', $options = Array, $replace = false) F:\wamp\blog\Application\Admin\Model\MenuModel.class.php 第 15 行.
SQL: SHOW COLUMNS FROM `bg_menu` [ RunTime:0.0060s ]
SQL: SHOW COLUMNS FROM `bg_menu` [ RunTime:0.0050s ]
SQL: INSERT INTO `bg_menu` (`menu_name`,`pid`,`menu_controller`,`menu_action`,`created_time`,`updated_time`) VALUES ('会员密码修改','6','member','changepwd','1508590526','1508590526') [ RunTime:0.0000s ]

